<?xml version="1.0" encoding="UTF-8"?>
<testng-results ignored="0" total="1" passed="1" failed="0" skipped="0">
  <reporter-output>
  </reporter-output>
  <suite started-at="2020-02-10T19:01:01 IST" name="Default suite" finished-at="2020-02-10T19:01:03 IST" duration-ms="1694">
    <groups>
    </groups>
    <test started-at="2020-02-10T19:01:01 IST" name="Default test" finished-at="2020-02-10T19:01:03 IST" duration-ms="1694">
      <class name="sample.Rest">
        <test-method signature="test()[pri:0, instance:sample.Rest@10e92f8f]" started-at="2020-02-10T19:01:01 IST" name="test" finished-at="2020-02-10T19:01:03 IST" duration-ms="1646" status="PASS">
          <reporter-output>
          </reporter-output>
        </test-method> <!-- test -->
      </class> <!-- sample.Rest -->
    </test> <!-- Default test -->
  </suite> <!-- Default suite -->
</testng-results>
