<?xml version="1.0" encoding="UTF-8"?>
<testng-results ignored="0" total="1" passed="1" failed="0" skipped="0">
  <reporter-output>
  </reporter-output>
  <suite started-at="2020-02-19T11:06:39 IST" name="Default suite" finished-at="2020-02-19T11:06:39 IST" duration-ms="37">
    <groups>
    </groups>
    <test started-at="2020-02-19T11:06:39 IST" name="Default test" finished-at="2020-02-19T11:06:39 IST" duration-ms="37">
      <class name="anty2.Anty">
        <test-method signature="man()[pri:0, instance:anty2.Anty@3b2cf7ab]" started-at="2020-02-19T11:06:39 IST" name="man" finished-at="2020-02-19T11:06:39 IST" duration-ms="8" status="PASS">
          <reporter-output>
          </reporter-output>
        </test-method> <!-- man -->
      </class> <!-- anty2.Anty -->
    </test> <!-- Default test -->
  </suite> <!-- Default suite -->
</testng-results>
